<?xml version="1.0" encoding="UTF-8"?>
<!-- Generated by org.testng.reporters.JUnitXMLReporter -->
<testsuite ignored="0" hostname="INSPIRON" failures="0" tests="10" name="Default test" time="10.914" errors="0" timestamp="2022-04-23T14:00:23 BST">
  <testcase classname="com.restAssured.Task1Tests.Scen_ListResource" name="validateResponse" time="1.832"/>
  <testcase classname="com.restAssured.Task1Tests.Scen_ListResource" name="validateStatusCode" time="0.005"/>
  <testcase classname="com.restAssured.Task1Tests.Scen_RegisterSuccessful" name="checkRegisterSuccessful" time="0.255"/>
  <testcase classname="com.restAssured.Task1Tests.Scen_RegisterSuccessful" name="checkRegisterSuccessful" time="0.251"/>
  <testcase classname="com.restAssured.Task1Tests.Scen_RegisterSuccessful" name="checkRegisterSuccessful" time="0.212"/>
  <testcase classname="com.restAssured.Task1Tests.Scen_RegisterSuccessful" name="checkRegisterSuccessful" time="0.249"/>
  <testcase classname="com.restAssured.Task1Tests.Scen_LoginSuccessful" name="loginRequest" time="0.182"/>
  <testcase classname="com.restAssured.Task1Tests.Scen_LoginSuccessful" name="loginRequest" time="0.23"/>
  <testcase classname="com.restAssured.Task1Tests.Scen_LoginSuccessful" name="loginRequest" time="0.183"/>
  <testcase classname="com.restAssured.Task1Tests.Scen_LoginSuccessful" name="loginRequest" time="0.199"/>
</testsuite> <!-- Default test -->
