<?xml version="1.0" encoding="UTF-8"?>
<testng-results ignored="0" total="3" passed="3" failed="0" skipped="0">
  <reporter-output>
  </reporter-output>
  <suite started-at="2022-04-23T14:12:37 BST" name="seleniumSuite" finished-at="2022-04-23T14:14:51 BST" duration-ms="134122">
    <groups>
    </groups>
    <test started-at="2022-04-23T14:12:37 BST" name="seleniumTests" finished-at="2022-04-23T14:14:51 BST" duration-ms="134122">
      <class name="com.selenium.Tests.loginFunctionality">
        <test-method is-config="true" signature="getdata()[pri:0, instance:com.selenium.Tests.loginFunctionality@7e07db1f]" started-at="2022-04-23T14:12:37 BST" name="getdata" finished-at="2022-04-23T14:12:39 BST" duration-ms="2114" status="PASS">
          <reporter-output>
          </reporter-output>
        </test-method> <!-- getdata -->
        <test-method is-config="true" signature="setup()[pri:0, instance:com.selenium.Tests.loginFunctionality@7e07db1f]" started-at="2022-04-23T14:12:39 BST" name="setup" finished-at="2022-04-23T14:12:44 BST" duration-ms="5192" status="PASS">
          <reporter-output>
          </reporter-output>
        </test-method> <!-- setup -->
        <test-method signature="loginTest(java.lang.String,java.lang.String)[pri:0, instance:com.selenium.Tests.loginFunctionality@7e07db1f]" started-at="2022-04-23T14:12:45 BST" name="loginTest" data-provider="LoginData" finished-at="2022-04-23T14:14:12 BST" duration-ms="87356" status="PASS">
          <params>
            <param index="0">
              <value>
                <![CDATA[FirstTestLogin_12]]>
              </value>
            </param>
            <param index="1">
              <value>
                <![CDATA[TestAbc_12!]]>
              </value>
            </param>
          </params>
          <reporter-output>
          </reporter-output>
        </test-method> <!-- loginTest -->
        <test-method signature="loginTest(java.lang.String,java.lang.String)[pri:0, instance:com.selenium.Tests.loginFunctionality@7e07db1f]" started-at="2022-04-23T14:14:12 BST" name="loginTest" data-provider="LoginData" finished-at="2022-04-23T14:14:29 BST" duration-ms="16427" status="PASS">
          <params>
            <param index="0">
              <value>
                <![CDATA[SecondTestLogin]]>
              </value>
            </param>
            <param index="1">
              <value>
                <![CDATA[TestAbc_12!]]>
              </value>
            </param>
          </params>
          <reporter-output>
          </reporter-output>
        </test-method> <!-- loginTest -->
        <test-method signature="loginTest(java.lang.String,java.lang.String)[pri:0, instance:com.selenium.Tests.loginFunctionality@7e07db1f]" started-at="2022-04-23T14:14:29 BST" name="loginTest" data-provider="LoginData" finished-at="2022-04-23T14:14:50 BST" duration-ms="21266" status="PASS">
          <params>
            <param index="0">
              <value>
                <![CDATA[ThirdTestLogin]]>
              </value>
            </param>
            <param index="1">
              <value>
                <![CDATA[TestAbc_12!]]>
              </value>
            </param>
          </params>
          <reporter-output>
          </reporter-output>
        </test-method> <!-- loginTest -->
        <test-method is-config="true" signature="tearDown()[pri:0, instance:com.selenium.Tests.loginFunctionality@7e07db1f]" started-at="2022-04-23T14:14:50 BST" name="tearDown" finished-at="2022-04-23T14:14:51 BST" duration-ms="1302" status="PASS">
          <reporter-output>
          </reporter-output>
        </test-method> <!-- tearDown -->
      </class> <!-- com.selenium.Tests.loginFunctionality -->
    </test> <!-- seleniumTests -->
  </suite> <!-- seleniumSuite -->
</testng-results>
