<?xml version="1.0" encoding="UTF-8"?>
<!-- Generated by org.testng.reporters.JUnitXMLReporter -->
<testsuite ignored="0" hostname="INSPIRON" failures="0" tests="3" name="Default test" time="145.613" errors="0" timestamp="2022-04-23T14:10:17 BST">
  <testcase classname="com.selenium.Tests.loginFunctionality" name="loginTest" time="102.442"/>
  <testcase classname="com.selenium.Tests.loginFunctionality" name="loginTest" time="16.857"/>
  <testcase classname="com.selenium.Tests.loginFunctionality" name="loginTest" time="16.238"/>
</testsuite> <!-- Default test -->
