<?xml version="1.0" encoding="UTF-8"?>
<!-- Generated by org.testng.reporters.JUnitXMLReporter -->
<testsuite ignored="0" hostname="INSPIRON" failures="0" tests="3" name="seleniumTests" time="134.122" errors="0" timestamp="2022-04-23T14:14:51 BST">
  <testcase classname="com.selenium.Tests.loginFunctionality" name="loginTest" time="87.356"/>
  <testcase classname="com.selenium.Tests.loginFunctionality" name="loginTest" time="16.427"/>
  <testcase classname="com.selenium.Tests.loginFunctionality" name="loginTest" time="21.266"/>
</testsuite> <!-- seleniumTests -->
