<?xml version="1.0" encoding="UTF-8"?>
<!-- Generated by org.testng.reporters.JUnitXMLReporter -->
<testsuite ignored="0" hostname="INSPIRON" failures="0" tests="10" name="ReqresAPITests" time="8.93" errors="0" timestamp="2022-04-23T14:12:22 BST">
  <testcase classname="com.restAssured.Task1Tests.Scen_ListResource" name="validateResponse" time="1.806"/>
  <testcase classname="com.restAssured.Task1Tests.Scen_ListResource" name="validateStatusCode" time="0.004"/>
  <testcase classname="com.restAssured.Task1Tests.Scen_LoginSuccessful" name="loginRequest" time="0.307"/>
  <testcase classname="com.restAssured.Task1Tests.Scen_LoginSuccessful" name="loginRequest" time="0.214"/>
  <testcase classname="com.restAssured.Task1Tests.Scen_LoginSuccessful" name="loginRequest" time="0.193"/>
  <testcase classname="com.restAssured.Task1Tests.Scen_LoginSuccessful" name="loginRequest" time="0.229"/>
  <testcase classname="com.restAssured.Task1Tests.Scen_RegisterSuccessful" name="checkRegisterSuccessful" time="0.187"/>
  <testcase classname="com.restAssured.Task1Tests.Scen_RegisterSuccessful" name="checkRegisterSuccessful" time="0.212"/>
  <testcase classname="com.restAssured.Task1Tests.Scen_RegisterSuccessful" name="checkRegisterSuccessful" time="0.226"/>
  <testcase classname="com.restAssured.Task1Tests.Scen_RegisterSuccessful" name="checkRegisterSuccessful" time="0.185"/>
</testsuite> <!-- ReqresAPITests -->
